<?xml version="1.0" encoding="UTF-8"?>
<!-- Generated by org.testng.reporters.JUnitReportReporter -->
<testsuite skipped="0" hostname="DESKTOP-ELRLJGB" name="maven2.Test01" tests="1" failures="0" timestamp="26 Dec 2020 09:08:40 GMT" time="0.023" errors="0">
  <testcase name="TestHelloword" time="0.023" classname="maven2.Test01"/>
</testsuite> <!-- maven2.Test01 -->
